#
# There is insufficient memory for the Java Runtime Environment to continue.
# Native memory allocation (malloc) failed to allocate 1845904 bytes for Chunk::new
# Possible reasons:
#   The system is out of physical RAM or swap space
#   The process is running with CompressedOops enabled, and the Java Heap may be blocking the growth of the native heap
# Possible solutions:
#   Reduce memory load on the system
#   Increase physical memory or swap space
#   Check if swap backing store is full
#   Decrease Java heap size (-Xmx/-Xms)
#   Decrease number of Java threads
#   Decrease Java thread stack sizes (-Xss)
#   Set larger code cache with -XX:ReservedCodeCacheSize=
#   JVM is running with Unscaled Compressed Oops mode in which the Java heap is
#     placed in the first 4GB address space. The Java Heap base address is the
#     maximum limit for the native heap growth. Please use -XX:HeapBaseMinAddress
#     to set the Java Heap base and to place the Java Heap above 4GB virtual address.
# This output file may be truncated or incomplete.
#
#  Out of Memory Error (arena.cpp:189), pid=2300, tid=7284
#
# JRE version: Java(TM) SE Runtime Environment (17.0.6+9) (build 17.0.6+9-LTS-190)
# Java VM: Java HotSpot(TM) 64-Bit Server VM (17.0.6+9-LTS-190, mixed mode, sharing, tiered, compressed oops, compressed class ptrs, g1 gc, windows-amd64)
# Core dump will be written. Default location: D:\SCR\project-master\hs_err_pid2300.mdmp
#

---------------  S U M M A R Y ------------

Command Line: -javaagent:C:\Program Files\JetBrains\IntelliJ IDEA Community Edition 2023.1\lib\idea_rt.jar=61587:C:\Program Files\JetBrains\IntelliJ IDEA Community Edition 2023.1\bin -Dfile.encoding=UTF-8 com.ecp.master.MasterApplication

Host: Intel(R) Xeon(R) Silver 4110 CPU @ 2.10GHz, 6 cores, 7G,  Windows Server 2016 , 64 bit Build 14393 (10.0.14393.5786)
Time: Sun Jun 25 17:06:05 2023 SE Asia Standard Time elapsed time: 3008.895599 seconds (0d 0h 50m 8s)

---------------  T H R E A D  ---------------

Current thread (0x000002573c771f60):  JavaThread "C2 CompilerThread0" daemon [_thread_in_native, id=7284, stack(0x000000919b500000,0x000000919b600000)]


Current CompileTask:
C2:3008896 10519   !   4       org.springframework.web.method.annotation.AbstractNamedValueMethodArgumentResolver::resolveArgument (336 bytes)

Stack: [0x000000919b500000,0x000000919b600000]
Native frames: (J=compiled Java code, j=interpreted, Vv=VM code, C=native code)
V  [jvm.dll+0x6734ea]
V  [jvm.dll+0x7d18f4]
V  [jvm.dll+0x7d309e]
V  [jvm.dll+0x7d3703]
V  [jvm.dll+0x2433c5]
V  [jvm.dll+0xaa46b]
V  [jvm.dll+0xaaa0c]
V  [jvm.dll+0x35eb2e]
V  [jvm.dll+0x329401]
V  [jvm.dll+0x32889a]
V  [jvm.dll+0x215ddf]
V  [jvm.dll+0x215211]
V  [jvm.dll+0x1a1730]
V  [jvm.dll+0x224b6e]
V  [jvm.dll+0x222f15]
V  [jvm.dll+0x78753c]
V  [jvm.dll+0x781a7a]
V  [jvm.dll+0x672375]
C  [ucrtbase.dll+0x1fb80]
C  [KERNEL32.DLL+0x84d4]
C  [ntdll.dll+0x51791]


---------------  P R O C E S S  ---------------

Threads class SMR info:
_java_thread_list=0x000002573d8f4870, length=31, elements={
0x000002573c75df10, 0x000002573c75f940, 0x000002573c76b830, 0x000002573c76d350,
0x000002573c76dd00, 0x000002573c76e6b0, 0x000002573c771f60, 0x000002573c77d4b0,
0x000002573c77d9c0, 0x000002573c7471b0, 0x000002573d58a030, 0x000002573d2b17f0,
0x0000025741850500, 0x000002573f780f10, 0x000002573f7813e0, 0x0000025741eddf80,
0x000002573ec8fb40, 0x000002573ec909b0, 0x000002573ec90e80, 0x000002573ec90010,
0x000002573ec91820, 0x000002573ec91cf0, 0x000002573ec921c0, 0x000002573ec8ecd0,
0x000002573ec8f1a0, 0x000002573ec8f670, 0x0000025743fa3aa0, 0x0000025743fa6f90,
0x0000025743fa4910, 0x0000025743fa3100, 0x0000025743fa1dc0
}

Java Threads: ( => current thread )
  0x000002573c75df10 JavaThread "Reference Handler" daemon [_thread_blocked, id=2432, stack(0x000000919af00000,0x000000919b000000)]
  0x000002573c75f940 JavaThread "Finalizer" daemon [_thread_blocked, id=3244, stack(0x000000919b000000,0x000000919b100000)]
  0x000002573c76b830 JavaThread "Signal Dispatcher" daemon [_thread_blocked, id=1276, stack(0x000000919b100000,0x000000919b200000)]
  0x000002573c76d350 JavaThread "Attach Listener" daemon [_thread_blocked, id=7204, stack(0x000000919b200000,0x000000919b300000)]
  0x000002573c76dd00 JavaThread "Service Thread" daemon [_thread_blocked, id=1232, stack(0x000000919b300000,0x000000919b400000)]
  0x000002573c76e6b0 JavaThread "Monitor Deflation Thread" daemon [_thread_blocked, id=6528, stack(0x000000919b400000,0x000000919b500000)]
=>0x000002573c771f60 JavaThread "C2 CompilerThread0" daemon [_thread_in_native, id=7284, stack(0x000000919b500000,0x000000919b600000)]
  0x000002573c77d4b0 JavaThread "C1 CompilerThread0" daemon [_thread_blocked, id=4876, stack(0x000000919b600000,0x000000919b700000)]
  0x000002573c77d9c0 JavaThread "Sweeper thread" daemon [_thread_blocked, id=7644, stack(0x000000919b700000,0x000000919b800000)]
  0x000002573c7471b0 JavaThread "Common-Cleaner" daemon [_thread_blocked, id=6308, stack(0x000000919b800000,0x000000919b900000)]
  0x000002573d58a030 JavaThread "Monitor Ctrl-Break" daemon [_thread_in_native, id=1728, stack(0x000000919ba00000,0x000000919bb00000)]
  0x000002573d2b17f0 JavaThread "Notification Thread" daemon [_thread_blocked, id=6920, stack(0x000000919bb00000,0x000000919bc00000)]
  0x0000025741850500 JavaThread "Catalina-utility-1" [_thread_blocked, id=1644, stack(0x000000919cc00000,0x000000919cd00000)]
  0x000002573f780f10 JavaThread "Catalina-utility-2" [_thread_blocked, id=5024, stack(0x000000919cd00000,0x000000919ce00000)]
  0x000002573f7813e0 JavaThread "container-0" [_thread_blocked, id=8148, stack(0x000000919ce00000,0x000000919cf00000)]
  0x0000025741eddf80 JavaThread "HikariPool-1 housekeeper" daemon [_thread_blocked, id=900, stack(0x000000919d000000,0x000000919d100000)]
  0x000002573ec8fb40 JavaThread "File Watcher" daemon [_thread_blocked, id=5140, stack(0x000000919d200000,0x000000919d300000)]
  0x000002573ec909b0 JavaThread "Live Reload Server" daemon [_thread_in_native, id=5576, stack(0x000000919d400000,0x000000919d500000)]
  0x000002573ec90e80 JavaThread "http-nio-8080-exec-1" daemon [_thread_blocked, id=6652, stack(0x000000919d500000,0x000000919d600000)]
  0x000002573ec90010 JavaThread "http-nio-8080-exec-2" daemon [_thread_blocked, id=7680, stack(0x000000919d600000,0x000000919d700000)]
  0x000002573ec91820 JavaThread "http-nio-8080-exec-3" daemon [_thread_blocked, id=8012, stack(0x000000919d700000,0x000000919d800000)]
  0x000002573ec91cf0 JavaThread "http-nio-8080-exec-4" daemon [_thread_blocked, id=7828, stack(0x000000919d800000,0x000000919d900000)]
  0x000002573ec921c0 JavaThread "http-nio-8080-exec-5" daemon [_thread_blocked, id=3744, stack(0x000000919d900000,0x000000919da00000)]
  0x000002573ec8ecd0 JavaThread "http-nio-8080-exec-6" daemon [_thread_blocked, id=5904, stack(0x000000919da00000,0x000000919db00000)]
  0x000002573ec8f1a0 JavaThread "http-nio-8080-exec-7" daemon [_thread_blocked, id=4460, stack(0x000000919db00000,0x000000919dc00000)]
  0x000002573ec8f670 JavaThread "http-nio-8080-exec-8" daemon [_thread_blocked, id=5364, stack(0x000000919dc00000,0x000000919dd00000)]
  0x0000025743fa3aa0 JavaThread "http-nio-8080-exec-9" daemon [_thread_blocked, id=5444, stack(0x000000919dd00000,0x000000919de00000)]
  0x0000025743fa6f90 JavaThread "http-nio-8080-exec-10" daemon [_thread_blocked, id=5296, stack(0x000000919de00000,0x000000919df00000)]
  0x0000025743fa4910 JavaThread "http-nio-8080-Poller" daemon [_thread_in_native, id=7956, stack(0x000000919df00000,0x000000919e000000)]
  0x0000025743fa3100 JavaThread "http-nio-8080-Acceptor" daemon [_thread_in_native, id=7656, stack(0x000000919e000000,0x000000919e100000)]
  0x0000025743fa1dc0 JavaThread "DestroyJavaVM" [_thread_blocked, id=8156, stack(0x000000919a800000,0x000000919a900000)]

Other Threads:
  0x000002573c757e90 VMThread "VM Thread" [stack: 0x000000919ae00000,0x000000919af00000] [id=1400]
  0x000002573d4eed40 WatcherThread [stack: 0x000000919bc00000,0x000000919bd00000] [id=6908]
  0x000002571eb0d740 GCTaskThread "GC Thread#0" [stack: 0x000000919a900000,0x000000919aa00000] [id=6416]
  0x000002573dbaad20 GCTaskThread "GC Thread#1" [stack: 0x000000919bf00000,0x000000919c000000] [id=5412]
  0x000002573dbaafd0 GCTaskThread "GC Thread#2" [stack: 0x000000919c000000,0x000000919c100000] [id=3176]
  0x000002573dbab280 GCTaskThread "GC Thread#3" [stack: 0x000000919c100000,0x000000919c200000] [id=6812]
  0x000002573dbab530 GCTaskThread "GC Thread#4" [stack: 0x000000919c200000,0x000000919c300000] [id=6476]
  0x000002573eb9dd60 GCTaskThread "GC Thread#5" [stack: 0x000000919c300000,0x000000919c400000] [id=4856]
  0x000002571eb1e380 ConcurrentGCThread "G1 Main Marker" [stack: 0x000000919aa00000,0x000000919ab00000] [id=852]
  0x000002571eb1ed90 ConcurrentGCThread "G1 Conc#0" [stack: 0x000000919ab00000,0x000000919ac00000] [id=6012]
  0x000002573e7ad090 ConcurrentGCThread "G1 Conc#1" [stack: 0x000000919cb00000,0x000000919cc00000] [id=7172]
  0x000002571eb7d2d0 ConcurrentGCThread "G1 Refine#0" [stack: 0x000000919ac00000,0x000000919ad00000] [id=5588]
  0x000002573d91eeb0 ConcurrentGCThread "G1 Refine#1" [stack: 0x000000919c400000,0x000000919c500000] [id=7908]
  0x000002571eb7dcf0 ConcurrentGCThread "G1 Service" [stack: 0x000000919ad00000,0x000000919ae00000] [id=5328]

Threads with active compile tasks:
C2 CompilerThread0  3008937 10519   !   4       org.springframework.web.method.annotation.AbstractNamedValueMethodArgumentResolver::resolveArgument (336 bytes)

VM state: not at safepoint (normal execution)

VM Mutex/Monitor currently owned by a thread: None

Heap address: 0x0000000081800000, size: 2024 MB, Compressed Oops mode: 32-bit

CDS archive(s) mapped at: [0x0000000800000000-0x0000000800bd0000-0x0000000800bd0000), size 12386304, SharedBaseAddress: 0x0000000800000000, ArchiveRelocationMode: 0.
Compressed class space mapped at: 0x0000000800c00000-0x0000000840c00000, reserved size: 1073741824
Narrow klass base: 0x0000000800000000, Narrow klass shift: 0, Narrow klass range: 0x100000000

GC Precious Log:
 CPUs: 6 total, 6 available
 Memory: 8094M
 Large Page Support: Disabled
 NUMA Support: Disabled
 Compressed Oops: Enabled (32-bit)
 Heap Region Size: 1M
 Heap Min Capacity: 8M
 Heap Initial Capacity: 128M
 Heap Max Capacity: 2024M
 Pre-touch: Disabled
 Parallel Workers: 6
 Concurrent Workers: 2
 Concurrent Refinement Workers: 6
 Periodic GC: Disabled

Heap:
 garbage-first heap   total 120832K, used 53886K [0x0000000081800000, 0x0000000100000000)
  region size 1024K, 27 young (27648K), 3 survivors (3072K)
 Metaspace       used 65188K, committed 65728K, reserved 1114112K
  class space    used 8165K, committed 8448K, reserved 1048576K

Heap Regions: E=young(eden), S=young(survivor), O=old, HS=humongous(starts), HC=humongous(continues), CS=collection set, F=free, OA=open archive, CA=closed archive, TAMS=top-at-mark-start (previous, next)
|   0|0x0000000081800000, 0x0000000081900000, 0x0000000081900000|100%|HS|  |TAMS 0x0000000081900000, 0x0000000081800000| Complete 
|   1|0x0000000081900000, 0x0000000081a00000, 0x0000000081a00000|100%| O|  |TAMS 0x0000000081a00000, 0x0000000081900000| Untracked 
|   2|0x0000000081a00000, 0x0000000081b00000, 0x0000000081b00000|100%| O|  |TAMS 0x0000000081b00000, 0x0000000081a00000| Untracked 
|   3|0x0000000081b00000, 0x0000000081c00000, 0x0000000081c00000|100%| O|  |TAMS 0x0000000081c00000, 0x0000000081b00000| Untracked 
|   4|0x0000000081c00000, 0x0000000081d00000, 0x0000000081d00000|100%| O|  |TAMS 0x0000000081d00000, 0x0000000081c00000| Untracked 
|   5|0x0000000081d00000, 0x0000000081e00000, 0x0000000081e00000|100%| O|  |TAMS 0x0000000081e00000, 0x0000000081d00000| Untracked 
|   6|0x0000000081e00000, 0x0000000081f00000, 0x0000000081f00000|100%| O|  |TAMS 0x0000000081f00000, 0x0000000081e00000| Untracked 
|   7|0x0000000081f00000, 0x0000000082000000, 0x0000000082000000|100%| O|  |TAMS 0x0000000082000000, 0x0000000081f00000| Untracked 
|   8|0x0000000082000000, 0x0000000082100000, 0x0000000082100000|100%| O|  |TAMS 0x0000000082100000, 0x0000000082000000| Untracked 
|   9|0x0000000082100000, 0x0000000082200000, 0x0000000082200000|100%| O|  |TAMS 0x0000000082200000, 0x0000000082100000| Untracked 
|  10|0x0000000082200000, 0x0000000082300000, 0x0000000082300000|100%| O|  |TAMS 0x0000000082300000, 0x0000000082200000| Untracked 
|  11|0x0000000082300000, 0x0000000082400000, 0x0000000082400000|100%| O|  |TAMS 0x0000000082400000, 0x0000000082300000| Untracked 
|  12|0x0000000082400000, 0x0000000082500000, 0x0000000082500000|100%| O|  |TAMS 0x0000000082500000, 0x0000000082400000| Untracked 
|  13|0x0000000082500000, 0x0000000082600000, 0x0000000082600000|100%| O|  |TAMS 0x0000000082600000, 0x0000000082500000| Untracked 
|  14|0x0000000082600000, 0x0000000082700000, 0x0000000082700000|100%| O|  |TAMS 0x0000000082700000, 0x0000000082600000| Untracked 
|  15|0x0000000082700000, 0x0000000082800000, 0x0000000082800000|100%| O|  |TAMS 0x0000000082800000, 0x0000000082700000| Untracked 
|  16|0x0000000082800000, 0x0000000082900000, 0x0000000082900000|100%| O|  |TAMS 0x0000000082900000, 0x0000000082800000| Untracked 
|  17|0x0000000082900000, 0x0000000082a00000, 0x0000000082a00000|100%| O|  |TAMS 0x0000000082a00000, 0x0000000082900000| Untracked 
|  18|0x0000000082a00000, 0x0000000082b00000, 0x0000000082b00000|100%| O|  |TAMS 0x0000000082a70c00, 0x0000000082a00000| Untracked 
|  19|0x0000000082b00000, 0x0000000082c00000, 0x0000000082c00000|100%| O|  |TAMS 0x0000000082b00000, 0x0000000082b00000| Untracked 
|  20|0x0000000082c00000, 0x0000000082d00000, 0x0000000082d00000|100%| O|  |TAMS 0x0000000082c00000, 0x0000000082c00000| Untracked 
|  21|0x0000000082d00000, 0x0000000082e00000, 0x0000000082e00000|100%| O|  |TAMS 0x0000000082d00000, 0x0000000082d00000| Untracked 
|  22|0x0000000082e00000, 0x0000000082f00000, 0x0000000082f00000|100%| O|  |TAMS 0x0000000082e00000, 0x0000000082e00000| Untracked 
|  23|0x0000000082f00000, 0x0000000083000000, 0x0000000083000000|100%| O|  |TAMS 0x0000000082f00000, 0x0000000082f00000| Untracked 
|  24|0x0000000083000000, 0x0000000083100000, 0x0000000083100000|100%| O|  |TAMS 0x0000000083000000, 0x0000000083000000| Untracked 
|  25|0x0000000083100000, 0x0000000083200000, 0x0000000083200000|100%| O|  |TAMS 0x0000000083100000, 0x0000000083100000| Untracked 
|  26|0x0000000083200000, 0x00000000832a2200, 0x0000000083300000| 63%| O|  |TAMS 0x0000000083200000, 0x0000000083200000| Untracked 
|  27|0x0000000083300000, 0x0000000083300000, 0x0000000083400000|  0%| F|  |TAMS 0x0000000083300000, 0x0000000083300000| Untracked 
|  28|0x0000000083400000, 0x0000000083400000, 0x0000000083500000|  0%| F|  |TAMS 0x0000000083400000, 0x0000000083400000| Untracked 
|  29|0x0000000083500000, 0x0000000083500000, 0x0000000083600000|  0%| F|  |TAMS 0x0000000083500000, 0x0000000083500000| Untracked 
|  30|0x0000000083600000, 0x0000000083600000, 0x0000000083700000|  0%| F|  |TAMS 0x0000000083600000, 0x0000000083600000| Untracked 
|  31|0x0000000083700000, 0x0000000083700000, 0x0000000083800000|  0%| F|  |TAMS 0x0000000083700000, 0x0000000083700000| Untracked 
|  32|0x0000000083800000, 0x0000000083800000, 0x0000000083900000|  0%| F|  |TAMS 0x0000000083800000, 0x0000000083800000| Untracked 
|  33|0x0000000083900000, 0x0000000083900000, 0x0000000083a00000|  0%| F|  |TAMS 0x0000000083900000, 0x0000000083900000| Untracked 
|  34|0x0000000083a00000, 0x0000000083a00000, 0x0000000083b00000|  0%| F|  |TAMS 0x0000000083a00000, 0x0000000083a00000| Untracked 
|  35|0x0000000083b00000, 0x0000000083b00000, 0x0000000083c00000|  0%| F|  |TAMS 0x0000000083b00000, 0x0000000083b00000| Untracked 
|  36|0x0000000083c00000, 0x0000000083c00000, 0x0000000083d00000|  0%| F|  |TAMS 0x0000000083c00000, 0x0000000083c00000| Untracked 
|  37|0x0000000083d00000, 0x0000000083d00000, 0x0000000083e00000|  0%| F|  |TAMS 0x0000000083d00000, 0x0000000083d00000| Untracked 
|  38|0x0000000083e00000, 0x0000000083e00000, 0x0000000083f00000|  0%| F|  |TAMS 0x0000000083e00000, 0x0000000083e00000| Untracked 
|  39|0x0000000083f00000, 0x0000000083f00000, 0x0000000084000000|  0%| F|  |TAMS 0x0000000083f00000, 0x0000000083f00000| Untracked 
|  40|0x0000000084000000, 0x0000000084000000, 0x0000000084100000|  0%| F|  |TAMS 0x0000000084000000, 0x0000000084000000| Untracked 
|  41|0x0000000084100000, 0x0000000084100000, 0x0000000084200000|  0%| F|  |TAMS 0x0000000084100000, 0x0000000084100000| Untracked 
|  42|0x0000000084200000, 0x0000000084200000, 0x0000000084300000|  0%| F|  |TAMS 0x0000000084200000, 0x0000000084200000| Untracked 
|  43|0x0000000084300000, 0x0000000084300000, 0x0000000084400000|  0%| F|  |TAMS 0x0000000084300000, 0x0000000084300000| Untracked 
|  44|0x0000000084400000, 0x0000000084400000, 0x0000000084500000|  0%| F|  |TAMS 0x0000000084400000, 0x0000000084400000| Untracked 
|  45|0x0000000084500000, 0x00000000845fd670, 0x0000000084600000| 98%| S|CS|TAMS 0x0000000084500000, 0x0000000084500000| Complete 
|  46|0x0000000084600000, 0x0000000084700000, 0x0000000084700000|100%| S|CS|TAMS 0x0000000084600000, 0x0000000084600000| Complete 
|  47|0x0000000084700000, 0x0000000084800000, 0x0000000084800000|100%| S|CS|TAMS 0x0000000084700000, 0x0000000084700000| Complete 
|  48|0x0000000084800000, 0x0000000084800000, 0x0000000084900000|  0%| F|  |TAMS 0x0000000084800000, 0x0000000084800000| Untracked 
|  49|0x0000000084900000, 0x0000000084900000, 0x0000000084a00000|  0%| F|  |TAMS 0x0000000084900000, 0x0000000084900000| Untracked 
|  50|0x0000000084a00000, 0x0000000084a00000, 0x0000000084b00000|  0%| F|  |TAMS 0x0000000084a00000, 0x0000000084a00000| Untracked 
|  51|0x0000000084b00000, 0x0000000084b00000, 0x0000000084c00000|  0%| F|  |TAMS 0x0000000084b00000, 0x0000000084b00000| Untracked 
|  52|0x0000000084c00000, 0x0000000084c00000, 0x0000000084d00000|  0%| F|  |TAMS 0x0000000084c00000, 0x0000000084c00000| Untracked 
|  53|0x0000000084d00000, 0x0000000084d00000, 0x0000000084e00000|  0%| F|  |TAMS 0x0000000084d00000, 0x0000000084d00000| Untracked 
|  54|0x0000000084e00000, 0x0000000084e00000, 0x0000000084f00000|  0%| F|  |TAMS 0x0000000084e00000, 0x0000000084e00000| Untracked 
|  55|0x0000000084f00000, 0x0000000084f00000, 0x0000000085000000|  0%| F|  |TAMS 0x0000000084f00000, 0x0000000084f00000| Untracked 
|  56|0x0000000085000000, 0x0000000085000000, 0x0000000085100000|  0%| F|  |TAMS 0x0000000085000000, 0x0000000085000000| Untracked 
|  57|0x0000000085100000, 0x0000000085100000, 0x0000000085200000|  0%| F|  |TAMS 0x0000000085100000, 0x0000000085100000| Untracked 
|  58|0x0000000085200000, 0x0000000085200000, 0x0000000085300000|  0%| F|  |TAMS 0x0000000085200000, 0x0000000085200000| Untracked 
|  59|0x0000000085300000, 0x0000000085300000, 0x0000000085400000|  0%| F|  |TAMS 0x0000000085300000, 0x0000000085300000| Untracked 
|  60|0x0000000085400000, 0x0000000085400000, 0x0000000085500000|  0%| F|  |TAMS 0x0000000085400000, 0x0000000085400000| Untracked 
|  61|0x0000000085500000, 0x0000000085500000, 0x0000000085600000|  0%| F|  |TAMS 0x0000000085500000, 0x0000000085500000| Untracked 
|  62|0x0000000085600000, 0x0000000085600000, 0x0000000085700000|  0%| F|  |TAMS 0x0000000085600000, 0x0000000085600000| Untracked 
|  63|0x0000000085700000, 0x0000000085700000, 0x0000000085800000|  0%| F|  |TAMS 0x0000000085700000, 0x0000000085700000| Untracked 
|  64|0x0000000085800000, 0x0000000085800000, 0x0000000085900000|  0%| F|  |TAMS 0x0000000085800000, 0x0000000085800000| Untracked 
|  65|0x0000000085900000, 0x0000000085900000, 0x0000000085a00000|  0%| F|  |TAMS 0x0000000085900000, 0x0000000085900000| Untracked 
|  66|0x0000000085a00000, 0x0000000085a00000, 0x0000000085b00000|  0%| F|  |TAMS 0x0000000085a00000, 0x0000000085a00000| Untracked 
|  67|0x0000000085b00000, 0x0000000085b00000, 0x0000000085c00000|  0%| F|  |TAMS 0x0000000085b00000, 0x0000000085b00000| Untracked 
|  68|0x0000000085c00000, 0x0000000085c00000, 0x0000000085d00000|  0%| F|  |TAMS 0x0000000085c00000, 0x0000000085c00000| Untracked 
|  69|0x0000000085d00000, 0x0000000085d00000, 0x0000000085e00000|  0%| F|  |TAMS 0x0000000085d00000, 0x0000000085d00000| Untracked 
|  70|0x0000000085e00000, 0x0000000085e00000, 0x0000000085f00000|  0%| F|  |TAMS 0x0000000085e00000, 0x0000000085e00000| Untracked 
|  71|0x0000000085f00000, 0x0000000085f00000, 0x0000000086000000|  0%| F|  |TAMS 0x0000000085f00000, 0x0000000085f00000| Untracked 
|  72|0x0000000086000000, 0x0000000086000000, 0x0000000086100000|  0%| F|  |TAMS 0x0000000086000000, 0x0000000086000000| Untracked 
|  73|0x0000000086100000, 0x0000000086100000, 0x0000000086200000|  0%| F|  |TAMS 0x0000000086100000, 0x0000000086100000| Untracked 
|  74|0x0000000086200000, 0x0000000086200000, 0x0000000086300000|  0%| F|  |TAMS 0x0000000086200000, 0x0000000086200000| Untracked 
|  75|0x0000000086300000, 0x0000000086300000, 0x0000000086400000|  0%| F|  |TAMS 0x0000000086300000, 0x0000000086300000| Untracked 
|  76|0x0000000086400000, 0x0000000086400000, 0x0000000086500000|  0%| F|  |TAMS 0x0000000086400000, 0x0000000086400000| Untracked 
|  77|0x0000000086500000, 0x0000000086500000, 0x0000000086600000|  0%| F|  |TAMS 0x0000000086500000, 0x0000000086500000| Untracked 
|  78|0x0000000086600000, 0x0000000086600000, 0x0000000086700000|  0%| F|  |TAMS 0x0000000086600000, 0x0000000086600000| Untracked 
|  79|0x0000000086700000, 0x0000000086700000, 0x0000000086800000|  0%| F|  |TAMS 0x0000000086700000, 0x0000000086700000| Untracked 
|  80|0x0000000086800000, 0x0000000086800000, 0x0000000086900000|  0%| F|  |TAMS 0x0000000086800000, 0x0000000086800000| Untracked 
|  81|0x0000000086900000, 0x0000000086900000, 0x0000000086a00000|  0%| F|  |TAMS 0x0000000086900000, 0x0000000086900000| Untracked 
|  82|0x0000000086a00000, 0x0000000086a00000, 0x0000000086b00000|  0%| F|  |TAMS 0x0000000086a00000, 0x0000000086a00000| Untracked 
|  83|0x0000000086b00000, 0x0000000086b00000, 0x0000000086c00000|  0%| F|  |TAMS 0x0000000086b00000, 0x0000000086b00000| Untracked 
|  84|0x0000000086c00000, 0x0000000086c00000, 0x0000000086d00000|  0%| F|  |TAMS 0x0000000086c00000, 0x0000000086c00000| Untracked 
|  85|0x0000000086d00000, 0x0000000086d00000, 0x0000000086e00000|  0%| F|  |TAMS 0x0000000086d00000, 0x0000000086d00000| Untracked 
|  86|0x0000000086e00000, 0x0000000086e00000, 0x0000000086f00000|  0%| F|  |TAMS 0x0000000086e00000, 0x0000000086e00000| Untracked 
|  87|0x0000000086f00000, 0x0000000086f00000, 0x0000000087000000|  0%| F|  |TAMS 0x0000000086f00000, 0x0000000086f00000| Untracked 
|  88|0x0000000087000000, 0x0000000087000000, 0x0000000087100000|  0%| F|  |TAMS 0x0000000087000000, 0x0000000087000000| Untracked 
|  89|0x0000000087100000, 0x0000000087100000, 0x0000000087200000|  0%| F|  |TAMS 0x0000000087100000, 0x0000000087100000| Untracked 
|  90|0x0000000087200000, 0x0000000087200000, 0x0000000087300000|  0%| F|  |TAMS 0x0000000087200000, 0x0000000087200000| Untracked 
|  91|0x0000000087300000, 0x0000000087300000, 0x0000000087400000|  0%| F|  |TAMS 0x0000000087300000, 0x0000000087300000| Untracked 
|  92|0x0000000087400000, 0x0000000087400000, 0x0000000087500000|  0%| F|  |TAMS 0x0000000087400000, 0x0000000087400000| Untracked 
|  93|0x0000000087500000, 0x0000000087500000, 0x0000000087600000|  0%| F|  |TAMS 0x0000000087500000, 0x0000000087500000| Untracked 
|  94|0x0000000087600000, 0x0000000087646960, 0x0000000087700000| 27%| E|  |TAMS 0x0000000087600000, 0x0000000087600000| Complete 
|  95|0x0000000087700000, 0x0000000087800000, 0x0000000087800000|100%| E|CS|TAMS 0x0000000087700000, 0x0000000087700000| Complete 
|  96|0x0000000087800000, 0x0000000087900000, 0x0000000087900000|100%| E|CS|TAMS 0x0000000087800000, 0x0000000087800000| Complete 
|  97|0x0000000087900000, 0x0000000087a00000, 0x0000000087a00000|100%| E|CS|TAMS 0x0000000087900000, 0x0000000087900000| Complete 
|  98|0x0000000087a00000, 0x0000000087b00000, 0x0000000087b00000|100%| E|CS|TAMS 0x0000000087a00000, 0x0000000087a00000| Complete 
|  99|0x0000000087b00000, 0x0000000087c00000, 0x0000000087c00000|100%| E|CS|TAMS 0x0000000087b00000, 0x0000000087b00000| Complete 
| 100|0x0000000087c00000, 0x0000000087d00000, 0x0000000087d00000|100%| E|CS|TAMS 0x0000000087c00000, 0x0000000087c00000| Complete 
| 101|0x0000000087d00000, 0x0000000087e00000, 0x0000000087e00000|100%| E|CS|TAMS 0x0000000087d00000, 0x0000000087d00000| Complete 
| 102|0x0000000087e00000, 0x0000000087f00000, 0x0000000087f00000|100%| E|CS|TAMS 0x0000000087e00000, 0x0000000087e00000| Complete 
| 103|0x0000000087f00000, 0x0000000088000000, 0x0000000088000000|100%| E|CS|TAMS 0x0000000087f00000, 0x0000000087f00000| Complete 
| 104|0x0000000088000000, 0x0000000088100000, 0x0000000088100000|100%| E|CS|TAMS 0x0000000088000000, 0x0000000088000000| Complete 
| 105|0x0000000088100000, 0x0000000088200000, 0x0000000088200000|100%| E|CS|TAMS 0x0000000088100000, 0x0000000088100000| Complete 
| 106|0x0000000088200000, 0x0000000088300000, 0x0000000088300000|100%| E|CS|TAMS 0x0000000088200000, 0x0000000088200000| Complete 
| 107|0x0000000088300000, 0x0000000088400000, 0x0000000088400000|100%| E|CS|TAMS 0x0000000088300000, 0x0000000088300000| Complete 
| 108|0x0000000088400000, 0x0000000088500000, 0x0000000088500000|100%| E|CS|TAMS 0x0000000088400000, 0x0000000088400000| Complete 
| 109|0x0000000088500000, 0x0000000088600000, 0x0000000088600000|100%| E|CS|TAMS 0x0000000088500000, 0x0000000088500000| Complete 
| 110|0x0000000088600000, 0x0000000088700000, 0x0000000088700000|100%| E|CS|TAMS 0x0000000088600000, 0x0000000088600000| Complete 
| 111|0x0000000088700000, 0x0000000088800000, 0x0000000088800000|100%| E|CS|TAMS 0x0000000088700000, 0x0000000088700000| Complete 
| 112|0x0000000088800000, 0x0000000088900000, 0x0000000088900000|100%| E|CS|TAMS 0x0000000088800000, 0x0000000088800000| Complete 
| 113|0x0000000088900000, 0x0000000088a00000, 0x0000000088a00000|100%| E|CS|TAMS 0x0000000088900000, 0x0000000088900000| Complete 
| 114|0x0000000088a00000, 0x0000000088b00000, 0x0000000088b00000|100%| E|CS|TAMS 0x0000000088a00000, 0x0000000088a00000| Complete 
| 115|0x0000000088b00000, 0x0000000088c00000, 0x0000000088c00000|100%| E|CS|TAMS 0x0000000088b00000, 0x0000000088b00000| Complete 
| 116|0x0000000088c00000, 0x0000000088d00000, 0x0000000088d00000|100%| E|CS|TAMS 0x0000000088c00000, 0x0000000088c00000| Complete 
| 127|0x0000000089700000, 0x0000000089800000, 0x0000000089800000|100%| E|CS|TAMS 0x0000000089700000, 0x0000000089700000| Complete 

Card table byte_map: [0x0000025735840000,0x0000025735c40000] _byte_map_base: 0x0000025735434000

Marking Bits (Prev, Next): (CMBitMap*) 0x000002571eb0dd90, (CMBitMap*) 0x000002571eb0dd50
 Prev Bits: [0x0000025737fe0000, 0x0000025739f80000)
 Next Bits: [0x0000025736040000, 0x0000025737fe0000)

Polling page: 0x000002571e280000

Metaspace:

Usage:
  Non-class:     55.69 MB used.
      Class:      7.97 MB used.
       Both:     63.66 MB used.

Virtual space:
  Non-class space:       64.00 MB reserved,      55.94 MB ( 87%) committed,  8 nodes.
      Class space:        1.00 GB reserved,       8.25 MB ( <1%) committed,  1 nodes.
             Both:        1.06 GB reserved,      64.19 MB (  6%) committed. 

Chunk freelists:
   Non-Class:  3.17 MB
       Class:  3.66 MB
        Both:  6.83 MB

MaxMetaspaceSize: unlimited
CompressedClassSpaceSize: 1.00 GB
Initial GC threshold: 21.00 MB
Current GC threshold: 77.50 MB
CDS: on
MetaspaceReclaimPolicy: balanced
 - commit_granule_bytes: 65536.
 - commit_granule_words: 8192.
 - virtual_space_node_default_size: 1048576.
 - enlarge_chunks_in_place: 1.
 - new_chunks_are_fully_committed: 0.
 - uncommit_free_chunks: 1.
 - use_allocation_guard: 0.
 - handle_deallocations: 1.


Internal statistics:

num_allocs_failed_limit: 9.
num_arena_births: 638.
num_arena_deaths: 0.
num_vsnodes_births: 9.
num_vsnodes_deaths: 0.
num_space_committed: 1027.
num_space_uncommitted: 0.
num_chunks_returned_to_freelist: 9.
num_chunks_taken_from_freelist: 3055.
num_chunk_merges: 9.
num_chunk_splits: 2115.
num_chunks_enlarged: 1591.
num_purges: 0.
num_inconsistent_stats: 0.

CodeHeap 'non-profiled nmethods': size=120000Kb used=7721Kb max_used=7721Kb free=112279Kb
 bounds [0x000002572de00000, 0x000002572e590000, 0x0000025735330000]
CodeHeap 'profiled nmethods': size=120000Kb used=17227Kb max_used=19076Kb free=102772Kb
 bounds [0x0000025726330000, 0x00000257275e0000, 0x000002572d860000]
CodeHeap 'non-nmethods': size=5760Kb used=1307Kb max_used=1427Kb free=4452Kb
 bounds [0x000002572d860000, 0x000002572dad0000, 0x000002572de00000]
 total_blobs=9602 nmethods=8967 adapters=546
 compilation: enabled
              stopped_count=0, restarted_count=0
 full_count=0

Compilation events (20 events):
Event: 3008.697 Thread 0x000002573c771f60 nmethod 10512 0x000002572e584e10 code [0x000002572e585000, 0x000002572e585c38]
Event: 3008.697 Thread 0x000002573c771f60 10513       4       org.springframework.web.context.request.ServletWebRequest::validateIfUnmodifiedSince (50 bytes)
Event: 3008.697 Thread 0x000002573c771f60 nmethod 10513 0x000002572e586410 code [0x000002572e586580, 0x000002572e586638]
Event: 3008.697 Thread 0x000002573c771f60 10514   !   4       org.springframework.web.context.request.ServletWebRequest::validateIfNoneMatch (132 bytes)
Event: 3008.698 Thread 0x000002573c771f60 nmethod 10514 0x000002572e586710 code [0x000002572e586880, 0x000002572e586938]
Event: 3008.698 Thread 0x000002573c771f60 10515       4       org.hibernate.type.descriptor.sql.BigIntTypeDescriptor::getBinder (12 bytes)
Event: 3008.699 Thread 0x000002573c771f60 nmethod 10515 0x000002572e586a10 code [0x000002572e586ba0, 0x000002572e586c98]
Event: 3008.724 Thread 0x000002573c771f60 10516       4       org.apache.coyote.http11.Http11OutputBuffer::sendStatus (121 bytes)
Event: 3008.732 Thread 0x000002573c77d4b0 10520       3       java.lang.invoke.VarHandleReferences$FieldInstanceReadWrite::setRelease (35 bytes)
Event: 3008.732 Thread 0x000002573c771f60 nmethod 10516 0x000002572e586d90 code [0x000002572e586f40, 0x000002572e587538]
Event: 3008.732 Thread 0x000002573c771f60 10517       4       org.apache.coyote.http11.Http11OutputBuffer::endHeaders (16 bytes)
Event: 3008.733 Thread 0x000002573c77d4b0 nmethod 10520 0x0000025726ad0810 code [0x0000025726ad0a40, 0x0000025726ad12d8]
Event: 3008.734 Thread 0x000002573c771f60 nmethod 10517 0x000002572e587a90 code [0x000002572e587c20, 0x000002572e587db8]
Event: 3008.734 Thread 0x000002573c771f60 10518   !   4       org.apache.coyote.http11.Http11OutputBuffer::commit (111 bytes)
Event: 3008.747 Thread 0x000002573c771f60 nmethod 10518 0x000002572e587f90 code [0x000002572e588180, 0x000002572e588d68]
Event: 3008.747 Thread 0x000002573c771f60 10522       4       org.postgresql.core.v3.QueryExecutorImpl::flushIfDeadlockRisk (118 bytes)
Event: 3008.748 Thread 0x000002573c771f60 nmethod 10522 0x000002572e589a90 code [0x000002572e589c20, 0x000002572e589d98]
Event: 3008.748 Thread 0x000002573c771f60 10521       4       org.springframework.orm.jpa.ExtendedEntityManagerCreator$ExtendedEntityManagerInvocationHandler::<init> (12 bytes)
Event: 3008.750 Thread 0x000002573c771f60 nmethod 10521 0x000002572e589f10 code [0x000002572e58a080, 0x000002572e58a318]
Event: 3008.750 Thread 0x000002573c771f60 10519   !   4       org.springframework.web.method.annotation.AbstractNamedValueMethodArgumentResolver::resolveArgument (336 bytes)

GC Heap History (20 events):
Event: 5.552 GC heap before
{Heap before GC invocations=15 (full 0):
 garbage-first heap   total 77824K, used 58015K [0x0000000081800000, 0x0000000100000000)
  region size 1024K, 39 young (39936K), 3 survivors (3072K)
 Metaspace       used 49155K, committed 49536K, reserved 1097728K
  class space    used 6674K, committed 6848K, reserved 1048576K
}
Event: 5.557 GC heap after
{Heap after GC invocations=16 (full 0):
 garbage-first heap   total 77824K, used 22657K [0x0000000081800000, 0x0000000100000000)
  region size 1024K, 4 young (4096K), 4 survivors (4096K)
 Metaspace       used 49155K, committed 49536K, reserved 1097728K
  class space    used 6674K, committed 6848K, reserved 1048576K
}
Event: 5.977 GC heap before
{Heap before GC invocations=16 (full 0):
 garbage-first heap   total 77824K, used 60545K [0x0000000081800000, 0x0000000100000000)
  region size 1024K, 40 young (40960K), 4 survivors (4096K)
 Metaspace       used 54034K, committed 54464K, reserved 1097728K
  class space    used 7090K, committed 7296K, reserved 1048576K
}
Event: 5.983 GC heap after
{Heap after GC invocations=17 (full 0):
 garbage-first heap   total 77824K, used 25016K [0x0000000081800000, 0x0000000100000000)
  region size 1024K, 4 young (4096K), 4 survivors (4096K)
 Metaspace       used 54034K, committed 54464K, reserved 1097728K
  class space    used 7090K, committed 7296K, reserved 1048576K
}
Event: 6.494 GC heap before
{Heap before GC invocations=17 (full 0):
 garbage-first heap   total 77824K, used 60856K [0x0000000081800000, 0x0000000100000000)
  region size 1024K, 39 young (39936K), 4 survivors (4096K)
 Metaspace       used 56694K, committed 57152K, reserved 1105920K
  class space    used 7456K, committed 7680K, reserved 1048576K
}
Event: 6.501 GC heap after
{Heap after GC invocations=18 (full 0):
 garbage-first heap   total 77824K, used 27631K [0x0000000081800000, 0x0000000100000000)
  region size 1024K, 5 young (5120K), 5 survivors (5120K)
 Metaspace       used 56694K, committed 57152K, reserved 1105920K
  class space    used 7456K, committed 7680K, reserved 1048576K
}
Event: 39.497 GC heap before
{Heap before GC invocations=18 (full 0):
 garbage-first heap   total 77824K, used 61423K [0x0000000081800000, 0x0000000100000000)
  region size 1024K, 38 young (38912K), 5 survivors (5120K)
 Metaspace       used 62012K, committed 62528K, reserved 1105920K
  class space    used 8124K, committed 8384K, reserved 1048576K
}
Event: 39.503 GC heap after
{Heap after GC invocations=19 (full 0):
 garbage-first heap   total 120832K, used 29764K [0x0000000081800000, 0x0000000100000000)
  region size 1024K, 3 young (3072K), 3 survivors (3072K)
 Metaspace       used 62012K, committed 62528K, reserved 1105920K
  class space    used 8124K, committed 8384K, reserved 1048576K
}
Event: 1432.725 GC heap before
{Heap before GC invocations=19 (full 0):
 garbage-first heap   total 120832K, used 95300K [0x0000000081800000, 0x0000000100000000)
  region size 1024K, 67 young (68608K), 3 survivors (3072K)
 Metaspace       used 62573K, committed 63104K, reserved 1105920K
  class space    used 8148K, committed 8448K, reserved 1048576K
}
Event: 1432.730 GC heap after
{Heap after GC invocations=20 (full 0):
 garbage-first heap   total 120832K, used 29755K [0x0000000081800000, 0x0000000100000000)
  region size 1024K, 3 young (3072K), 3 survivors (3072K)
 Metaspace       used 62573K, committed 63104K, reserved 1105920K
  class space    used 8148K, committed 8448K, reserved 1048576K
}
Event: 2873.546 GC heap before
{Heap before GC invocations=20 (full 0):
 garbage-first heap   total 120832K, used 98363K [0x0000000081800000, 0x0000000100000000)
  region size 1024K, 70 young (71680K), 3 survivors (3072K)
 Metaspace       used 62830K, committed 63424K, reserved 1105920K
  class space    used 8152K, committed 8448K, reserved 1048576K
}
Event: 2873.550 GC heap after
{Heap after GC invocations=21 (full 0):
 garbage-first heap   total 120832K, used 30154K [0x0000000081800000, 0x0000000100000000)
  region size 1024K, 3 young (3072K), 3 survivors (3072K)
 Metaspace       used 62830K, committed 63424K, reserved 1105920K
  class space    used 8152K, committed 8448K, reserved 1048576K
}
Event: 2992.751 GC heap before
{Heap before GC invocations=21 (full 0):
 garbage-first heap   total 120832K, used 98762K [0x0000000081800000, 0x0000000100000000)
  region size 1024K, 70 young (71680K), 3 survivors (3072K)
 Metaspace       used 65119K, committed 65664K, reserved 1114112K
  class space    used 8161K, committed 8448K, reserved 1048576K
}
Event: 2992.755 GC heap after
{Heap after GC invocations=22 (full 0):
 garbage-first heap   total 120832K, used 30166K [0x0000000081800000, 0x0000000100000000)
  region size 1024K, 3 young (3072K), 3 survivors (3072K)
 Metaspace       used 65119K, committed 65664K, reserved 1114112K
  class space    used 8161K, committed 8448K, reserved 1048576K
}
Event: 2997.907 GC heap before
{Heap before GC invocations=22 (full 0):
 garbage-first heap   total 120832K, used 98774K [0x0000000081800000, 0x0000000100000000)
  region size 1024K, 70 young (71680K), 3 survivors (3072K)
 Metaspace       used 65174K, committed 65728K, reserved 1114112K
  class space    used 8162K, committed 8448K, reserved 1048576K
}
Event: 2997.912 GC heap after
{Heap after GC invocations=23 (full 0):
 garbage-first heap   total 120832K, used 30193K [0x0000000081800000, 0x0000000100000000)
  region size 1024K, 3 young (3072K), 3 survivors (3072K)
 Metaspace       used 65174K, committed 65728K, reserved 1114112K
  class space    used 8162K, committed 8448K, reserved 1048576K
}
Event: 3003.554 GC heap before
{Heap before GC invocations=23 (full 0):
 garbage-first heap   total 120832K, used 98801K [0x0000000081800000, 0x0000000100000000)
  region size 1024K, 70 young (71680K), 3 survivors (3072K)
 Metaspace       used 65176K, committed 65728K, reserved 1114112K
  class space    used 8163K, committed 8448K, reserved 1048576K
}
Event: 3003.559 GC heap after
{Heap after GC invocations=24 (full 0):
 garbage-first heap   total 120832K, used 30224K [0x0000000081800000, 0x0000000100000000)
  region size 1024K, 3 young (3072K), 3 survivors (3072K)
 Metaspace       used 65176K, committed 65728K, reserved 1114112K
  class space    used 8163K, committed 8448K, reserved 1048576K
}
Event: 3007.615 GC heap before
{Heap before GC invocations=24 (full 0):
 garbage-first heap   total 120832K, used 98832K [0x0000000081800000, 0x0000000100000000)
  region size 1024K, 70 young (71680K), 3 survivors (3072K)
 Metaspace       used 65177K, committed 65728K, reserved 1114112K
  class space    used 8164K, committed 8448K, reserved 1048576K
}
Event: 3007.619 GC heap after
{Heap after GC invocations=25 (full 0):
 garbage-first heap   total 120832K, used 30334K [0x0000000081800000, 0x0000000100000000)
  region size 1024K, 3 young (3072K), 3 survivors (3072K)
 Metaspace       used 65177K, committed 65728K, reserved 1114112K
  class space    used 8164K, committed 8448K, reserved 1048576K
}

Deoptimization events (20 events):
Event: 3004.116 Thread 0x0000025743fa3aa0 Uncommon trap: trap_request=0xffffffd6 fr.pc=0x000002572e4c64e4 relative=0x00000000000004a4
Event: 3004.116 Thread 0x0000025743fa3aa0 Uncommon trap: reason=array_check action=maybe_recompile pc=0x000002572e4c64e4 method=org.hibernate.engine.internal.EntityEntryContext.reentrantSafeEntityEntries()[Ljava/util/Map$Entry; @ 57 c2
Event: 3004.116 Thread 0x0000025743fa3aa0 DEOPT PACKING pc=0x000002572e4c64e4 sp=0x000000919ddfd050
Event: 3004.116 Thread 0x0000025743fa3aa0 DEOPT UNPACKING pc=0x000002572d8b23a3 sp=0x000000919ddfd008 mode 2
Event: 3004.118 Thread 0x0000025743fa6f90 Uncommon trap: trap_request=0xffffffd6 fr.pc=0x000002572e4c64e4 relative=0x00000000000004a4
Event: 3004.118 Thread 0x0000025743fa6f90 Uncommon trap: reason=array_check action=maybe_recompile pc=0x000002572e4c64e4 method=org.hibernate.engine.internal.EntityEntryContext.reentrantSafeEntityEntries()[Ljava/util/Map$Entry; @ 57 c2
Event: 3004.118 Thread 0x0000025743fa6f90 DEOPT PACKING pc=0x000002572e4c64e4 sp=0x000000919defd1a0
Event: 3004.118 Thread 0x0000025743fa6f90 DEOPT UNPACKING pc=0x000002572d8b23a3 sp=0x000000919defd158 mode 2
Event: 3004.120 Thread 0x000002573ec90e80 Uncommon trap: trap_request=0xffffffd6 fr.pc=0x000002572e4c64e4 relative=0x00000000000004a4
Event: 3004.120 Thread 0x000002573ec90e80 Uncommon trap: reason=array_check action=maybe_recompile pc=0x000002572e4c64e4 method=org.hibernate.engine.internal.EntityEntryContext.reentrantSafeEntityEntries()[Ljava/util/Map$Entry; @ 57 c2
Event: 3004.120 Thread 0x000002573ec90e80 DEOPT PACKING pc=0x000002572e4c64e4 sp=0x000000919d5fcf40
Event: 3004.120 Thread 0x000002573ec90e80 DEOPT UNPACKING pc=0x000002572d8b23a3 sp=0x000000919d5fcef8 mode 2
Event: 3004.122 Thread 0x000002573ec921c0 Uncommon trap: trap_request=0xffffffd6 fr.pc=0x000002572e4c64e4 relative=0x00000000000004a4
Event: 3004.122 Thread 0x000002573ec921c0 Uncommon trap: reason=array_check action=maybe_recompile pc=0x000002572e4c64e4 method=org.hibernate.engine.internal.EntityEntryContext.reentrantSafeEntityEntries()[Ljava/util/Map$Entry; @ 57 c2
Event: 3004.122 Thread 0x000002573ec921c0 DEOPT PACKING pc=0x000002572e4c64e4 sp=0x000000919d9fd140
Event: 3004.122 Thread 0x000002573ec921c0 DEOPT UNPACKING pc=0x000002572d8b23a3 sp=0x000000919d9fd0f8 mode 2
Event: 3004.852 Thread 0x000002573ec90010 Uncommon trap: trap_request=0xfffffff4 fr.pc=0x000002572e4fb980 relative=0x0000000000000240
Event: 3004.852 Thread 0x000002573ec90010 Uncommon trap: reason=null_check action=make_not_entrant pc=0x000002572e4fb980 method=org.springframework.data.jpa.repository.query.ParameterMetadataProvider$ParameterMetadata.prepare(Ljava/lang/Object;)Ljava/lang/Object; @ 145 c2
Event: 3004.852 Thread 0x000002573ec90010 DEOPT PACKING pc=0x000002572e4fb980 sp=0x000000919d6fc3e0
Event: 3004.852 Thread 0x000002573ec90010 DEOPT UNPACKING pc=0x000002572d8b23a3 sp=0x000000919d6fc218 mode 2

Classes unloaded (0 events):
No events

Classes redefined (0 events):
No events

Internal exceptions (20 events):
Event: 6.367 Thread 0x000002573e4c7a90 Exception <a 'java/lang/IncompatibleClassChangeError'{0x0000000084c1b108}: Found class java.lang.Object, but interface was expected> (0x0000000084c1b108) 
thrown [s\open\src\hotspot\share\interpreter\linkResolver.cpp, line 826]
Event: 6.456 Thread 0x000002573e4c7a90 Exception <a 'java/lang/ClassNotFoundException'{0x000000008480aa78}: java/lang/ObjectCustomizer> (0x000000008480aa78) 
thrown [s\open\src\hotspot\share\classfile\systemDictionary.cpp, line 256]
Event: 6.456 Thread 0x000002573e4c7a90 Exception <a 'java/lang/ClassNotFoundException'{0x0000000084812be8}: com/ecp/master/model/table/UserreportCustomizer> (0x0000000084812be8) 
thrown [s\open\src\hotspot\share\classfile\systemDictionary.cpp, line 256]
Event: 6.474 Thread 0x000002573e4c7a90 Exception <a 'java/lang/reflect/InvocationTargetException'{0x00000000844b66a0}> (0x00000000844b66a0) 
thrown [s\open\src\hotspot\share\runtime\reflection.cpp, line 1121]
Event: 6.482 Thread 0x000002573e4c7a90 Exception <a 'java/lang/ClassNotFoundException'{0x000000008434ae78}: java/lang/ObjectCustomizer> (0x000000008434ae78) 
thrown [s\open\src\hotspot\share\classfile\systemDictionary.cpp, line 256]
Event: 6.483 Thread 0x000002573e4c7a90 Exception <a 'java/lang/ClassNotFoundException'{0x0000000084352e88}: com/ecp/master/model/table/MimjobCustomizer> (0x0000000084352e88) 
thrown [s\open\src\hotspot\share\classfile\systemDictionary.cpp, line 256]
Event: 6.517 Thread 0x000002573e4c7a90 Exception <a 'java/lang/ClassNotFoundException'{0x00000000880a3c28}: java/lang/ObjectCustomizer> (0x00000000880a3c28) 
thrown [s\open\src\hotspot\share\classfile\systemDictionary.cpp, line 256]
Event: 6.517 Thread 0x000002573e4c7a90 Exception <a 'java/lang/ClassNotFoundException'{0x00000000880abbb8}: com/ecp/master/model/table/RoleCustomizer> (0x00000000880abbb8) 
thrown [s\open\src\hotspot\share\classfile\systemDictionary.cpp, line 256]
Event: 6.533 Thread 0x000002573e4c7a90 Exception <a 'java/lang/reflect/InvocationTargetException'{0x0000000087b179d8}> (0x0000000087b179d8) 
thrown [s\open\src\hotspot\share\runtime\reflection.cpp, line 1121]
Event: 6.615 Thread 0x000002573e4c7a90 Exception <a 'java/lang/NoSuchMethodError'{0x00000000859bf150}: 'java.lang.Object java.lang.invoke.DirectMethodHandle$Holder.invokeSpecial(java.lang.Object, java.lang.Object, int, java.lang.Object, int, java.lang.Object)'> (0x00000000859bf150) 
thrown [s\open\src\hotspot\share\interpreter\linkResolver.cpp, line 759]
Event: 6.616 Thread 0x000002573e4c7a90 Exception <a 'java/lang/NoSuchMethodError'{0x00000000859c71f8}: 'java.lang.Object java.lang.invoke.DirectMethodHandle$Holder.newInvokeSpecial(java.lang.Object, java.lang.Object, int, java.lang.Object, int)'> (0x00000000859c71f8) 
thrown [s\open\src\hotspot\share\interpreter\linkResolver.cpp, line 759]
Event: 6.616 Thread 0x000002573e4c7a90 Exception <a 'java/lang/NoSuchMethodError'{0x00000000859cb2f8}: 'java.lang.Object java.lang.invoke.DirectMethodHandle$Holder.invokeSpecial(java.lang.Object, java.lang.Object, java.lang.Object, int, java.lang.Object, int)'> (0x00000000859cb2f8) 
thrown [s\open\src\hotspot\share\interpreter\linkResolver.cpp, line 759]
Event: 6.617 Thread 0x000002573e4c7a90 Exception <a 'java/lang/NoSuchMethodError'{0x00000000859d66f8}: 'void java.lang.invoke.DirectMethodHandle$Holder.invokeVirtual(java.lang.Object, java.lang.Object)'> (0x00000000859d66f8) 
thrown [s\open\src\hotspot\share\interpreter\linkResolver.cpp, line 759]
Event: 20.174 Thread 0x000002573ec90010 Exception <a 'java/lang/ClassNotFoundException'{0x0000000084e80b08}: java/lang/ObjectCustomizer> (0x0000000084e80b08) 
thrown [s\open\src\hotspot\share\classfile\systemDictionary.cpp, line 256]
Event: 20.175 Thread 0x000002573ec90e80 Exception <a 'java/lang/ClassNotFoundException'{0x0000000084eb2c68}: java/lang/ObjectCustomizer> (0x0000000084eb2c68) 
thrown [s\open\src\hotspot\share\classfile\systemDictionary.cpp, line 256]
Event: 20.176 Thread 0x000002573ec90e80 Exception <a 'java/lang/ClassNotFoundException'{0x0000000084ebd830}: com/ecp/master/model/table/NotificationCustomizer> (0x0000000084ebd830) 
thrown [s\open\src\hotspot\share\classfile\systemDictionary.cpp, line 256]
Event: 20.176 Thread 0x000002573ec90010 Exception <a 'java/lang/ClassNotFoundException'{0x0000000084e8c2c0}: com/ecp/master/model/table/ChoosebandCustomizer> (0x0000000084e8c2c0) 
thrown [s\open\src\hotspot\share\classfile\systemDictionary.cpp, line 256]
Event: 20.963 Thread 0x000002573ec91820 Exception <a 'java/lang/NoSuchMethodError'{0x0000000084486fc0}: 'java.lang.Object java.lang.invoke.DirectMethodHandle$Holder.invokeInterface(java.lang.Object, java.lang.Object, java.lang.Object, java.lang.Object)'> (0x0000000084486fc0) 
thrown [s\open\src\hotspot\share\interpreter\linkResolver.cpp, line 759]
Event: 20.975 Thread 0x000002573ec91820 Exception <a 'java/lang/NoSuchMethodError'{0x00000000844c6c68}: 'java.lang.Object java.lang.invoke.DirectMethodHandle$Holder.invokeStaticInit(java.lang.Object, java.lang.Object, java.lang.Object, java.lang.Object, java.lang.Object, java.lang.Object)'> (0x00000000844c6c68) 
thrown [s\open\src\hotspot\share\interpreter\linkResolver.cpp, line 759]
Event: 3004.851 Thread 0x000002573ec90010 Implicit null exception at 0x000002572e4fb7f0 to 0x000002572e4fb968

VM Operations (20 events):
Event: 2994.754 Executing VM operation: Cleanup
Event: 2994.754 Executing VM operation: Cleanup done
Event: 2996.754 Executing VM operation: Cleanup
Event: 2996.754 Executing VM operation: Cleanup done
Event: 2997.907 Executing VM operation: G1CollectForAllocation
Event: 2997.912 Executing VM operation: G1CollectForAllocation done
Event: 2999.911 Executing VM operation: Cleanup
Event: 2999.911 Executing VM operation: Cleanup done
Event: 3000.858 Executing VM operation: HandshakeAllThreads
Event: 3000.858 Executing VM operation: HandshakeAllThreads done
Event: 3001.857 Executing VM operation: Cleanup
Event: 3001.858 Executing VM operation: Cleanup done
Event: 3003.554 Executing VM operation: G1CollectForAllocation
Event: 3003.559 Executing VM operation: G1CollectForAllocation done
Event: 3005.559 Executing VM operation: Cleanup
Event: 3005.559 Executing VM operation: Cleanup done
Event: 3007.559 Executing VM operation: Cleanup
Event: 3007.559 Executing VM operation: Cleanup done
Event: 3007.615 Executing VM operation: G1CollectForAllocation
Event: 3007.619 Executing VM operation: G1CollectForAllocation done

Events (20 events):
Event: 2991.739 Thread 0x000002573c77d9c0 flushing nmethod 0x00000257271cbc10
Event: 2993.046 Thread 0x000002573d284930 Thread exited: 0x000002573d284930
Event: 2994.272 Thread 0x000002573f0f1ab0 Thread added: 0x000002573f0f1ab0
Event: 2994.532 Thread 0x000002573f0f1ab0 Thread exited: 0x000002573f0f1ab0
Event: 2996.682 Thread 0x000002573f0f1ab0 Thread added: 0x000002573f0f1ab0
Event: 2996.881 Thread 0x000002573f0f1ab0 Thread exited: 0x000002573f0f1ab0
Event: 2997.768 Thread 0x000002573ea56800 Thread added: 0x000002573ea56800
Event: 2997.862 loading class sun/util/locale/LocaleExtensions
Event: 2997.864 loading class sun/util/locale/LocaleExtensions done
Event: 2998.291 Thread 0x000002573ea56800 Thread exited: 0x000002573ea56800
Event: 3000.868 Thread 0x000002573c77d9c0 flushing nmethod 0x0000025726e6e690
Event: 3000.868 Thread 0x000002573c77d9c0 flushing nmethod 0x0000025726e77d10
Event: 3000.869 Thread 0x000002573c77d9c0 flushing nmethod 0x0000025726eb7710
Event: 3000.869 Thread 0x000002573c77d9c0 flushing nmethod 0x0000025726f34490
Event: 3000.869 Thread 0x000002573c77d9c0 flushing nmethod 0x0000025726f36790
Event: 3000.869 Thread 0x000002573c77d9c0 flushing nmethod 0x0000025726f3d690
Event: 3000.869 Thread 0x000002573c77d9c0 flushing nmethod 0x0000025726fb2610
Event: 3000.871 Thread 0x000002573c77d9c0 flushing nmethod 0x00000257271efc90
Event: 3000.871 Thread 0x000002573c77d9c0 flushing nmethod 0x00000257271f0010
Event: 3000.871 Thread 0x000002573c77d9c0 flushing nmethod 0x00000257271f4590


Dynamic libraries:
0x00007ff6e17d0000 - 0x00007ff6e17e0000 	C:\Program Files\Java\jdk-17\bin\java.exe
0x00007ffefcd60000 - 0x00007ffefcf2f000 	C:\Windows\SYSTEM32\ntdll.dll
0x00007ffefc190000 - 0x00007ffefc23d000 	C:\Windows\System32\KERNEL32.DLL
0x00007ffef9cb0000 - 0x00007ffef9ece000 	C:\Windows\System32\KERNELBASE.dll
0x00007ffefa160000 - 0x00007ffefa254000 	C:\Windows\System32\ucrtbase.dll
0x00007ffeecbf0000 - 0x00007ffeecc08000 	C:\Program Files\Java\jdk-17\bin\jli.dll
0x00007ffefa8b0000 - 0x00007ffefa956000 	C:\Windows\System32\ADVAPI32.dll
0x00007ffefa960000 - 0x00007ffefa9fe000 	C:\Windows\System32\msvcrt.dll
0x00007ffefa300000 - 0x00007ffefa35b000 	C:\Windows\System32\sechost.dll
0x00007ffefc7a0000 - 0x00007ffefc8be000 	C:\Windows\System32\RPCRT4.dll
0x00007ffefa740000 - 0x00007ffefa8a6000 	C:\Windows\System32\USER32.dll
0x00007ffeeb950000 - 0x00007ffeeb96b000 	C:\Program Files\Java\jdk-17\bin\VCRUNTIME140.dll
0x00007ffef9230000 - 0x00007ffef924e000 	C:\Windows\System32\win32u.dll
0x00007ffef5210000 - 0x00007ffef548a000 	C:\Windows\WinSxS\amd64_microsoft.windows.common-controls_6595b64144ccf1df_6.0.14393.4169_none_7de0bbf28341b1f2\COMCTL32.dll
0x00007ffefc8c0000 - 0x00007ffefcb86000 	C:\Windows\System32\combase.dll
0x00007ffef9360000 - 0x00007ffef93cc000 	C:\Windows\System32\bcryptPrimitives.dll
0x00007ffefc140000 - 0x00007ffefc174000 	C:\Windows\System32\GDI32.dll
0x00007ffef9f20000 - 0x00007ffefa0a4000 	C:\Windows\System32\gdi32full.dll
0x00007ffeee5b0000 - 0x00007ffeee5ba000 	C:\Windows\SYSTEM32\VERSION.dll
0x00007ffefa510000 - 0x00007ffefa53e000 	C:\Windows\System32\IMM32.DLL
0x00007ffeec8f0000 - 0x00007ffeec8fc000 	C:\Program Files\Java\jdk-17\bin\vcruntime140_1.dll
0x00007ffed4330000 - 0x00007ffed43be000 	C:\Program Files\Java\jdk-17\bin\msvcp140.dll
0x00007ffed3750000 - 0x00007ffed4327000 	C:\Program Files\Java\jdk-17\bin\server\jvm.dll
0x00007ffefc730000 - 0x00007ffefc738000 	C:\Windows\System32\PSAPI.DLL
0x00007ffef1c40000 - 0x00007ffef1c49000 	C:\Windows\SYSTEM32\WSOCK32.dll
0x00007ffefcb90000 - 0x00007ffefcbfa000 	C:\Windows\System32\WS2_32.dll
0x00007ffef7580000 - 0x00007ffef75a3000 	C:\Windows\SYSTEM32\WINMM.dll
0x00007ffef7550000 - 0x00007ffef757b000 	C:\Windows\SYSTEM32\WINMMBASE.dll
0x00007ffef9ed0000 - 0x00007ffef9f12000 	C:\Windows\System32\cfgmgr32.dll
0x00007ffef91d0000 - 0x00007ffef91df000 	C:\Windows\System32\kernel.appcore.dll
0x00007ffeebea0000 - 0x00007ffeebeaa000 	C:\Program Files\Java\jdk-17\bin\jimage.dll
0x00007ffef5c40000 - 0x00007ffef5dd2000 	C:\Windows\SYSTEM32\DBGHELP.DLL
0x00007ffef59f0000 - 0x00007ffef5a19000 	C:\Windows\SYSTEM32\dbgcore.DLL
0x00007ffef6fd0000 - 0x00007ffef6fde000 	C:\Program Files\Java\jdk-17\bin\instrument.dll
0x00007ffed3720000 - 0x00007ffed3745000 	C:\Program Files\Java\jdk-17\bin\java.dll
0x00007ffed3640000 - 0x00007ffed3717000 	C:\Program Files\Java\jdk-17\bin\jsvml.dll
0x00007ffefaaa0000 - 0x00007ffefbfa6000 	C:\Windows\System32\SHELL32.dll
0x00007ffef95d0000 - 0x00007ffef9ca5000 	C:\Windows\System32\windows.storage.dll
0x00007ffef91e0000 - 0x00007ffef922c000 	C:\Windows\System32\powrprof.dll
0x00007ffefcd00000 - 0x00007ffefcd52000 	C:\Windows\System32\shlwapi.dll
0x00007ffef9250000 - 0x00007ffef92f8000 	C:\Windows\System32\shcore.dll
0x00007ffef91b0000 - 0x00007ffef91c4000 	C:\Windows\System32\profapi.dll
0x00007ffed5830000 - 0x00007ffed5848000 	C:\Program Files\Java\jdk-17\bin\zip.dll
0x00007ffedb380000 - 0x00007ffedb399000 	C:\Program Files\Java\jdk-17\bin\net.dll
0x00007ffef2600000 - 0x00007ffef26cd000 	C:\Windows\SYSTEM32\WINHTTP.dll
0x00007ffef8a60000 - 0x00007ffef8abd000 	C:\Windows\system32\mswsock.dll
0x00007ffed7bd0000 - 0x00007ffed7be6000 	C:\Program Files\Java\jdk-17\bin\nio.dll
0x00007ffef6b60000 - 0x00007ffef6b7a000 	C:\Program Files\JetBrains\IntelliJ IDEA Community Edition 2023.1\bin\breakgen64.dll
0x00007ffeeb2d0000 - 0x00007ffeeb2e0000 	C:\Program Files\Java\jdk-17\bin\verify.dll
0x00007ffef6fa0000 - 0x00007ffef6faa000 	C:\Program Files\Java\jdk-17\bin\management.dll
0x00007ffef6d50000 - 0x00007ffef6d5b000 	C:\Program Files\Java\jdk-17\bin\management_ext.dll
0x00007ffeef480000 - 0x00007ffeef496000 	C:\Windows\system32\napinsp.dll
0x00007ffef87e0000 - 0x00007ffef8882000 	C:\Windows\SYSTEM32\DNSAPI.dll
0x00007ffefbfb0000 - 0x00007ffefbfb8000 	C:\Windows\System32\NSI.dll
0x00007ffef8790000 - 0x00007ffef87c8000 	C:\Windows\SYSTEM32\IPHLPAPI.DLL
0x00007ffeef4a0000 - 0x00007ffeef4ae000 	C:\Windows\System32\winrnr.dll
0x00007ffef6240000 - 0x00007ffef6258000 	C:\Windows\system32\NLAapi.dll
0x00007ffef2230000 - 0x00007ffef223a000 	C:\Windows\System32\rasadhlp.dll
0x00007ffef4210000 - 0x00007ffef427a000 	C:\Windows\System32\fwpuclnt.dll
0x00007ffef90e0000 - 0x00007ffef910b000 	C:\Windows\SYSTEM32\bcrypt.dll
0x00007ffef8c10000 - 0x00007ffef8c27000 	C:\Windows\SYSTEM32\CRYPTSP.dll
0x00007ffef8610000 - 0x00007ffef8643000 	C:\Windows\system32\rsaenh.dll
0x00007ffef88d0000 - 0x00007ffef88f0000 	C:\Windows\SYSTEM32\USERENV.dll
0x00007ffef8c30000 - 0x00007ffef8c3b000 	C:\Windows\SYSTEM32\CRYPTBASE.dll
0x00007ffef4550000 - 0x00007ffef4566000 	C:\Windows\SYSTEM32\dhcpcsvc6.DLL
0x00007ffef4520000 - 0x00007ffef453a000 	C:\Windows\SYSTEM32\dhcpcsvc.DLL
0x00007ffef63c0000 - 0x00007ffef63cd000 	C:\Program Files\Java\jdk-17\bin\sunmscapi.dll
0x00007ffef93d0000 - 0x00007ffef95c3000 	C:\Windows\System32\CRYPT32.dll
0x00007ffef91a0000 - 0x00007ffef91b0000 	C:\Windows\System32\MSASN1.dll
0x00007ffef8cf0000 - 0x00007ffef8d16000 	C:\Windows\SYSTEM32\ncrypt.dll
0x00007ffef8cb0000 - 0x00007ffef8ceb000 	C:\Windows\SYSTEM32\NTASN1.dll

dbghelp: loaded successfully - version: 4.0.5 - missing functions: none
symbol engine: initialized successfully - sym options: 0x614 - pdb path: .;C:\Program Files\Java\jdk-17\bin;C:\Windows\SYSTEM32;C:\Windows\WinSxS\amd64_microsoft.windows.common-controls_6595b64144ccf1df_6.0.14393.4169_none_7de0bbf28341b1f2;C:\Program Files\Java\jdk-17\bin\server;C:\Program Files\JetBrains\IntelliJ IDEA Community Edition 2023.1\bin

VM Arguments:
jvm_args: -javaagent:C:\Program Files\JetBrains\IntelliJ IDEA Community Edition 2023.1\lib\idea_rt.jar=61587:C:\Program Files\JetBrains\IntelliJ IDEA Community Edition 2023.1\bin -Dfile.encoding=UTF-8 
java_command: com.ecp.master.MasterApplication
java_class_path (initial): D:\SCR\project-master\target\classes;C:\Users\Administrator\.m2\repository\com\linecorp\bot\line-bot-spring-boot\5.0.3\line-bot-spring-boot-5.0.3.jar;C:\Users\Administrator\.m2\repository\com\linecorp\bot\line-bot-api-client\5.0.3\line-bot-api-client-5.0.3.jar;C:\Users\Administrator\.m2\repository\org\slf4j\slf4j-api\1.7.36\slf4j-api-1.7.36.jar;C:\Users\Administrator\.m2\repository\com\squareup\okhttp3\logging-interceptor\4.9.3\logging-interceptor-4.9.3.jar;C:\Users\Administrator\.m2\repository\com\squareup\okhttp3\okhttp\4.9.3\okhttp-4.9.3.jar;C:\Users\Administrator\.m2\repository\com\squareup\okio\okio\2.8.0\okio-2.8.0.jar;C:\Users\Administrator\.m2\repository\org\jetbrains\kotlin\kotlin-stdlib-common\1.6.21\kotlin-stdlib-common-1.6.21.jar;C:\Users\Administrator\.m2\repository\org\jetbrains\kotlin\kotlin-stdlib\1.6.21\kotlin-stdlib-1.6.21.jar;C:\Users\Administrator\.m2\repository\org\jetbrains\annotations\13.0\annotations-13.0.jar;C:\Users\Administrator\.m2\repository\org\jetbrains\kotlin\kotlin-stdlib-jdk8\1.6.21\kotlin-stdlib-jdk8-1.6.21.jar;C:\Users\Administrator\.m2\repository\org\jetbrains\kotlin\kotlin-stdlib-jdk7\1.6.21\kotlin-stdlib-jdk7-1.6.21.jar;C:\Users\Administrator\.m2\repository\com\squareup\retrofit2\converter-jackson\2.9.0\converter-jackson-2.9.0.jar;C:\Users\Administrator\.m2\repository\com\squareup\retrofit2\retrofit\2.9.0\retrofit-2.9.0.jar;C:\Users\Administrator\.m2\repository\com\linecorp\bot\line-bot-model\5.0.3\line-bot-model-5.0.3.jar;C:\Users\Administrator\.m2\repository\com\fasterxml\jackson\core\jackson-annotations\2.13.3\jackson-annotations-2.13.3.jar;C:\Users\Administrator\.m2\repository\com\fasterxml\jackson\datatype\jackson-datatype-jsr310\2.13.3\jackson-datatype-jsr310-2.13.3.jar;C:\Users\Administrator\.m2\repository\com\fasterxml\jackson\module\jackson-module-parameter-names\2.13.3\jackson-module-parameter-names-2.13.3.jar;C:\Users\Administrator\.m2\repository\com\google\code\findbugs\jsr305\3.0.2\jsr3
Launcher Type: SUN_STANDARD

[Global flags]
     intx CICompilerCount                          = 3                                         {product} {ergonomic}
     uint ConcGCThreads                            = 2                                         {product} {ergonomic}
     uint G1ConcRefinementThreads                  = 6                                         {product} {ergonomic}
   size_t G1HeapRegionSize                         = 1048576                                   {product} {ergonomic}
    uintx GCDrainStackTargetSize                   = 64                                        {product} {ergonomic}
   size_t InitialHeapSize                          = 134217728                                 {product} {ergonomic}
   size_t MarkStackSize                            = 4194304                                   {product} {ergonomic}
   size_t MaxHeapSize                              = 2122317824                                {product} {ergonomic}
   size_t MaxNewSize                               = 1272971264                                {product} {ergonomic}
   size_t MinHeapDeltaBytes                        = 1048576                                   {product} {ergonomic}
   size_t MinHeapSize                              = 8388608                                   {product} {ergonomic}
    uintx NonNMethodCodeHeapSize                   = 5832780                                {pd product} {ergonomic}
    uintx NonProfiledCodeHeapSize                  = 122912730                              {pd product} {ergonomic}
    uintx ProfiledCodeHeapSize                     = 122912730                              {pd product} {ergonomic}
    uintx ReservedCodeCacheSize                    = 251658240                              {pd product} {ergonomic}
     bool SegmentedCodeCache                       = true                                      {product} {ergonomic}
   size_t SoftMaxHeapSize                          = 2122317824                             {manageable} {ergonomic}
     bool UseCompressedClassPointers               = true                           {product lp64_product} {ergonomic}
     bool UseCompressedOops                        = true                           {product lp64_product} {ergonomic}
     bool UseG1GC                                  = true                                      {product} {ergonomic}
     bool UseLargePagesIndividualAllocation        = false                                  {pd product} {ergonomic}

Logging:
Log output configuration:
 #0: stdout all=warning uptime,level,tags
 #1: stderr all=off uptime,level,tags

Environment Variables:
PATH=C:\Python311\Scripts\;C:\Python311\;C:\Program Files\Common Files\Oracle\Java\javapath;C:\Windows\system32;C:\Windows;C:\Windows\System32\Wbem;C:\Windows\System32\WindowsPowerShell\v1.0\;C:\Program Files\Git\cmd;C:\Program Files\nodejs\;C:\ProgramData\chocolatey\bin;C:\Users\Administrator\AppData\Local\Microsoft\WindowsApps;;C:\Program Files\JetBrains\IntelliJ IDEA Community Edition 2023.1\bin;;C:\Users\Administrator\AppData\Local\Programs\Microsoft VS Code\bin;C:\Users\Administrator\AppData\Roaming\npm
USERNAME=Administrator
OS=Windows_NT
PROCESSOR_IDENTIFIER=Intel64 Family 6 Model 85 Stepping 4, GenuineIntel



---------------  S Y S T E M  ---------------

OS:
 Windows Server 2016 , 64 bit Build 14393 (10.0.14393.5786)
OS uptime: 8 days 20:51 hours
VMWare virtualization detected

CPU: total 6 (initial active 6) (1 cores per cpu, 1 threads per core) family 6 model 85 stepping 4 microcode 0x2000065, cx8, cmov, fxsr, mmx, 3dnowpref, sse, sse2, sse3, ssse3, sse4.1, sse4.2, popcnt, lzcnt, tsc, tscinvbit, avx, avx2, aes, erms, clmul, bmi1, bmi2, adx, fma, vzeroupper, clflush, clflushopt, clwb, hv

Memory: 4k page, system-wide physical 8094M (273M free)
TotalPageFile size 22024M (AvailPageFile size 9M)
current process WorkingSet (physical memory assigned to process): 316M, peak: 335M
current process commit charge ("private bytes"): 353M, peak: 372M

vm_info: Java HotSpot(TM) 64-Bit Server VM (17.0.6+9-LTS-190) for windows-amd64 JRE (17.0.6+9-LTS-190), built on Dec  6 2022 15:53:54 by "mach5one" with MS VC++ 17.1 (VS2022)

END.
